<?xml version="1.0" encoding="UTF-8"?>
<testng-results skipped="0" failed="0" ignored="0" total="1" passed="1">
  <reporter-output>
  </reporter-output>
  <suite name="Default suite" duration-ms="18457" started-at="2021-12-12T19:02:52Z" finished-at="2021-12-12T19:03:10Z">
    <groups>
    </groups>
    <test name="Default test" duration-ms="18457" started-at="2021-12-12T19:02:52Z" finished-at="2021-12-12T19:03:10Z">
      <class name="healthGraph.test.TestScenario1">
        <test-method status="PASS" signature="initializeDriver()[pri:0, instance:healthGraph.test.TestScenario1@7e0b0338]" name="initializeDriver" is-config="true" duration-ms="4768" started-at="2021-12-12T19:02:52Z" finished-at="2021-12-12T19:02:57Z">
          <reporter-output>
          </reporter-output>
        </test-method> <!-- initializeDriver -->
        <test-method status="PASS" signature="test4()[pri:0, instance:healthGraph.test.TestScenario1@7e0b0338]" name="test4" duration-ms="12822" started-at="2021-12-12T19:02:57Z" description="verify Next 8 days Date in City Details Page" finished-at="2021-12-12T19:03:10Z">
          <reporter-output>
          </reporter-output>
        </test-method> <!-- test4 -->
        <test-method status="PASS" signature="quitDriver()[pri:0, instance:healthGraph.test.TestScenario1@7e0b0338]" name="quitDriver" is-config="true" duration-ms="851" started-at="2021-12-12T19:03:10Z" finished-at="2021-12-12T19:03:10Z">
          <reporter-output>
          </reporter-output>
        </test-method> <!-- quitDriver -->
      </class> <!-- healthGraph.test.TestScenario1 -->
    </test> <!-- Default test -->
  </suite> <!-- Default suite -->
</testng-results>
